2012-07-15 19:57:11.777:Server running...2012-07-15 19:57:32.588:Client 1 connected...2012-07-15 19:57:49.541:Client 2 connected...
2012-07-15 19:59:02.222:Server running...
2012-07-15 20:02:53.120:Server running...
2012-07-15 20:03:19.447:Server running...
 2012-07-15 20:05:46.958:Server running...2012-07-15 20:06:56.581:Server running... 

2012-07-15 20:10:31.355: Server running...
2012-07-15 20:11:06.231: Server running...
2012-07-15 21:55:29.670: Server running...
2012-07-15 21:55:38.228: Client 1 connected...
2012-07-15 21:55:46.984: Client 2 connected...
2012-07-15 21:58:32.438: Server running...
2012-07-15 21:58:45.461: Client 1 connected...
2012-07-15 22:00:41.349: Server running...
2012-07-15 22:00:51.187: Client 1 connected...
2012-07-15 22:37:26.284: Server running...
2012-07-15 22:50:17.381: Client 1 connected...
2012-07-15 22:50:23.485: Client 2 connected...
2012-07-15 22:50:29.498: Client 2 connected...
2012-07-15 23:57:14.402: Server running...
2012-07-16 00:02:44.381: Server running...
2012-07-16 00:04:03.758: Client 1 connected...
2012-07-16 00:07:51.149: Server running...
2012-07-16 00:07:58.484: Client 1 connected...
2012-07-16 00:08:37.820: Server running...
2012-07-16 00:08:41.671: Client 1 connected...
2012-07-16 00:11:08.641: Server running...
2012-07-16 00:11:22.031: Client 1 connected...
2012-07-16 00:12:34.336: Client 1 connected...
2012-07-16 00:12:59.835: Client 1 connected...
2012-07-16 00:14:00.223: Client 1 connected...
2012-07-16 00:16:37.326: Client 1 connected...
2012-07-16 13:57:42.524: Server running...
2012-07-16 13:57:47.733: Client 1 connected...
2012-07-16 13:58:33.230: Client 1 connected...
2012-07-16 14:01:55.797: Client 2 connected...
2012-07-16 14:03:27.933: Client 2 connected...
2012-07-16 14:07:06.704: Client 2 connected...
2012-07-16 14:08:15.672: Client 2 connected...
2012-07-16 14:09:29.005: Client 2 connected...
2012-07-16 14:09:54.280: Client 2 connected...
2012-07-16 14:11:04.589: Client 2 connected...
2012-07-16 14:11:20.941: Client 2 connected...
2012-07-16 14:15:11.044: Server running...
2012-07-16 14:15:14.223: Client 1 connected...
2012-07-16 14:19:44.493: Client 1 connected...
2012-07-16 14:19:55.298: Client 1 connected...
2012-07-16 14:20:42.028: Client 1 connected...
2012-07-16 14:20:50.483: Client 1 connected...
2012-07-16 14:21:10.475: Client 1 connected...
2012-07-16 14:21:18.633: Client 1 connected...
2012-07-16 14:21:46.618: Client 2 connected...
2012-07-16 14:22:39.392: Client 2 connected...
2012-07-16 14:32:02.799: Server running...
2012-07-16 14:32:06.939: Client 1 connected...
2012-07-16 14:32:29.429: Client 2 connected...
2012-07-16 14:33:01.993: Server running...
2012-07-16 14:33:05.469: Client 1 connected...
2012-07-16 14:33:16.388: Client 2 connected...
2012-07-16 14:33:23.337: Client 2 connected...